<?xml version='1.0' encoding='utf-8'?>
<domain type='kvm'>
  <!-- generated by -->
  <name>TestOva</name>
  <metadata>
    <libosinfo:libosinfo xmlns:libosinfo='http://libosinfo.org/xmlns/libvirt/domain/1.0'>
      <libosinfo:os id='http://microsoft.com/win/7'/>
    </libosinfo:libosinfo>
  </metadata>
  <memory unit='KiB'>2097152</memory>
  <currentMemory unit='KiB'>2097152</currentMemory>
  <vcpu>1</vcpu>
  <features>
    <acpi/>
    <apic/>
  </features>
  <os>
    <type arch='x86_64' machine='q35'>hvm</type>
  </os>
  <on_poweroff>destroy</on_poweroff>
  <on_reboot>restart</on_reboot>
  <on_crash>restart</on_crash>
  <devices>
    <disk type='file' device='disk' model='virtio-transitional'>
      <driver name='qemu' type='raw'/>
      <source file='TestOva-sda'/>
      <target dev='vda' bus='virtio'/>
    </disk>
    <disk device='cdrom' type='file'>
      <driver name='qemu' type='raw'/>
      <target dev='sda' bus='sata'/>
    </disk>
    <disk device='floppy' type='file'>
      <driver name='qemu' type='raw'/>
      <target dev='fda'/>
    </disk>
    <interface type='bridge'>
      <source bridge='VM Network'/>
      <model type='virtio-transitional'/>
    </interface>
    <video>
      <model type='vga' vram='16384' heads='1'/>
    </video>
    <graphics type='vnc' autoport='yes'/>
    <rng model='virtio-transitional'>
      <backend model='random'>/dev/urandom</backend>
    </rng>
    <memballoon model='virtio-transitional'/>
    <viosock model='none'/>
    <input type='tablet' bus='usb'/>
    <input type='mouse' bus='ps2'/>
    <console type='pty'/>
  </devices>
</domain>
